[2019-12-29 19:53:59.896] [exthost] [info] extension host started
[2019-12-29 19:54:00.098] [exthost] [info] ExtensionService#_doActivateExtension vscode.debug-auto-launch {"startup":true,"extensionId":{"value":"vscode.debug-auto-launch","_lower":"vscode.debug-auto-launch"},"activationEvent":"*"}
[2019-12-29 19:54:00.099] [exthost] [info] ExtensionService#loadCommonJSModule file:///snap/code/21/usr/share/code/resources/app/extensions/debug-auto-launch/dist/extension
[2019-12-29 19:54:00.137] [exthost] [info] ExtensionService#_doActivateExtension vscode.emmet {"startup":true,"extensionId":{"value":"vscode.emmet","_lower":"vscode.emmet"},"activationEvent":"*"}
[2019-12-29 19:54:00.137] [exthost] [info] ExtensionService#loadCommonJSModule file:///snap/code/21/usr/share/code/resources/app/extensions/emmet/dist/extension
[2019-12-29 19:54:00.391] [exthost] [info] ExtensionService#_doActivateExtension vscode.git {"startup":true,"extensionId":{"value":"vscode.git","_lower":"vscode.git"},"activationEvent":"*"}
[2019-12-29 19:54:00.391] [exthost] [info] ExtensionService#loadCommonJSModule file:///snap/code/21/usr/share/code/resources/app/extensions/git/dist/main
[2019-12-29 19:54:01.460] [exthost] [info] ExtensionService#_doActivateExtension vscode.merge-conflict {"startup":true,"extensionId":{"value":"vscode.merge-conflict","_lower":"vscode.merge-conflict"},"activationEvent":"*"}
[2019-12-29 19:54:01.460] [exthost] [info] ExtensionService#loadCommonJSModule file:///snap/code/21/usr/share/code/resources/app/extensions/merge-conflict/dist/extension
[2019-12-29 19:54:01.499] [exthost] [info] ExtensionService#_doActivateExtension ms-vsliveshare.vsliveshare {"startup":true,"extensionId":{"value":"ms-vsliveshare.vsliveshare","_lower":"ms-vsliveshare.vsliveshare"},"activationEvent":"*"}
[2019-12-29 19:54:01.500] [exthost] [info] ExtensionService#loadCommonJSModule file:///home/alexis/.vscode/extensions/ms-vsliveshare.vsliveshare-1.0.1404/out/prod/extension-prod
[2019-12-29 19:54:05.455] [exthost] [info] eager extensions activated
[2019-12-29 19:54:17.932] [exthost] [info] extension host started
[2019-12-29 19:54:18.078] [exthost] [info] ExtensionService#_doActivateExtension vscode.debug-auto-launch {"startup":true,"extensionId":{"value":"vscode.debug-auto-launch","_lower":"vscode.debug-auto-launch"},"activationEvent":"*"}
[2019-12-29 19:54:18.078] [exthost] [info] ExtensionService#loadCommonJSModule file:///snap/code/21/usr/share/code/resources/app/extensions/debug-auto-launch/dist/extension
[2019-12-29 19:54:18.089] [exthost] [info] ExtensionService#_doActivateExtension vscode.emmet {"startup":true,"extensionId":{"value":"vscode.emmet","_lower":"vscode.emmet"},"activationEvent":"*"}
[2019-12-29 19:54:18.090] [exthost] [info] ExtensionService#loadCommonJSModule file:///snap/code/21/usr/share/code/resources/app/extensions/emmet/dist/extension
[2019-12-29 19:54:18.298] [exthost] [info] ExtensionService#_doActivateExtension vscode.git {"startup":true,"extensionId":{"value":"vscode.git","_lower":"vscode.git"},"activationEvent":"*"}
[2019-12-29 19:54:18.299] [exthost] [info] ExtensionService#loadCommonJSModule file:///snap/code/21/usr/share/code/resources/app/extensions/git/dist/main
[2019-12-29 19:54:18.801] [exthost] [info] ExtensionService#_doActivateExtension vscode.merge-conflict {"startup":true,"extensionId":{"value":"vscode.merge-conflict","_lower":"vscode.merge-conflict"},"activationEvent":"*"}
[2019-12-29 19:54:18.801] [exthost] [info] ExtensionService#loadCommonJSModule file:///snap/code/21/usr/share/code/resources/app/extensions/merge-conflict/dist/extension
[2019-12-29 19:54:18.838] [exthost] [info] ExtensionService#_doActivateExtension ms-vsliveshare.vsliveshare {"startup":true,"extensionId":{"value":"ms-vsliveshare.vsliveshare","_lower":"ms-vsliveshare.vsliveshare"},"activationEvent":"*"}
[2019-12-29 19:54:18.838] [exthost] [info] ExtensionService#loadCommonJSModule file:///home/alexis/.vscode/extensions/ms-vsliveshare.vsliveshare-1.0.1404/out/prod/extension-prod
[2019-12-29 19:54:21.456] [exthost] [info] ExtensionService#_doActivateExtension felixfbecker.php-intellisense {"startup":true,"extensionId":{"value":"felixfbecker.php-intellisense","_lower":"felixfbecker.php-intellisense"},"activationEvent":"workspaceContains:**/*.php"}
[2019-12-29 19:54:21.457] [exthost] [info] ExtensionService#loadCommonJSModule file:///home/alexis/.vscode/extensions/felixfbecker.php-intellisense-2.3.13/out/extension
[2019-12-29 19:54:22.153] [exthost] [info] eager extensions activated
[2019-12-29 19:54:32.617] [exthost] [info] ExtensionService#_doActivateExtension vscode.php-language-features {"startup":false,"extensionId":{"value":"vscode.php-language-features","_lower":"vscode.php-language-features"},"activationEvent":"onLanguage:php"}
[2019-12-29 19:54:32.617] [exthost] [info] ExtensionService#loadCommonJSModule file:///snap/code/21/usr/share/code/resources/app/extensions/php-language-features/dist/phpMain
[2019-12-29 19:54:32.664] [exthost] [info] ExtensionService#_doActivateExtension ecmel.vscode-html-css {"startup":false,"extensionId":{"value":"ecmel.vscode-html-css","_lower":"ecmel.vscode-html-css"},"activationEvent":"onLanguage:php"}
[2019-12-29 19:54:32.664] [exthost] [info] ExtensionService#loadCommonJSModule file:///home/alexis/.vscode/extensions/ecmel.vscode-html-css-0.2.3/dist/extension
[2019-12-29 19:55:01.314] [exthost] [info] ExtensionService#_doActivateExtension vscode.configuration-editing {"startup":false,"extensionId":{"value":"vscode.configuration-editing","_lower":"vscode.configuration-editing"},"activationEvent":"onLanguage:jsonc"}
[2019-12-29 19:55:01.315] [exthost] [info] ExtensionService#loadCommonJSModule file:///snap/code/21/usr/share/code/resources/app/extensions/configuration-editing/dist/extension
[2019-12-29 19:55:01.343] [exthost] [info] ExtensionService#_doActivateExtension vscode.json-language-features {"startup":false,"extensionId":{"value":"vscode.json-language-features","_lower":"vscode.json-language-features"},"activationEvent":"onLanguage:jsonc"}
[2019-12-29 19:55:01.343] [exthost] [info] ExtensionService#loadCommonJSModule file:///snap/code/21/usr/share/code/resources/app/extensions/json-language-features/client/dist/jsonMain
[2019-12-29 19:55:01.429] [exthost] [info] ExtensionService#_doActivateExtension vscode.typescript-language-features {"startup":false,"extensionId":{"value":"vscode.typescript-language-features","_lower":"vscode.typescript-language-features"},"activationEvent":"onLanguage:jsonc"}
[2019-12-29 19:55:01.429] [exthost] [info] ExtensionService#loadCommonJSModule file:///snap/code/21/usr/share/code/resources/app/extensions/typescript-language-features/dist/extension
[2019-12-29 20:02:14.799] [exthost] [info] ExtensionService#_doActivateExtension mblode.twig-language-2 {"startup":false,"extensionId":{"value":"mblode.twig-language-2","_lower":"mblode.twig-language-2"},"activationEvent":"onLanguage:twig"}
[2019-12-29 20:02:14.799] [exthost] [info] ExtensionService#loadCommonJSModule file:///home/alexis/.vscode/extensions/mblode.twig-language-2-0.9.0/extension/index
[2020-01-08 03:12:56.224] [exthost] [info] extension host started
[2020-01-08 03:12:56.244] [exthost] [info] ExtensionService#_doActivateExtension vscode.debug-auto-launch {"startup":true,"extensionId":{"value":"vscode.debug-auto-launch","_lower":"vscode.debug-auto-launch"},"activationEvent":"*"}
[2020-01-08 03:12:56.244] [exthost] [info] ExtensionService#loadCommonJSModule file:///snap/code/21/usr/share/code/resources/app/extensions/debug-auto-launch/dist/extension
[2020-01-08 03:12:56.253] [exthost] [info] ExtensionService#_doActivateExtension vscode.emmet {"startup":true,"extensionId":{"value":"vscode.emmet","_lower":"vscode.emmet"},"activationEvent":"*"}
[2020-01-08 03:12:56.253] [exthost] [info] ExtensionService#loadCommonJSModule file:///snap/code/21/usr/share/code/resources/app/extensions/emmet/dist/extension
[2020-01-08 03:12:56.302] [exthost] [info] ExtensionService#_doActivateExtension vscode.git {"startup":true,"extensionId":{"value":"vscode.git","_lower":"vscode.git"},"activationEvent":"*"}
[2020-01-08 03:12:56.302] [exthost] [info] ExtensionService#loadCommonJSModule file:///snap/code/21/usr/share/code/resources/app/extensions/git/dist/main
[2020-01-08 03:12:56.419] [exthost] [info] ExtensionService#_doActivateExtension vscode.merge-conflict {"startup":true,"extensionId":{"value":"vscode.merge-conflict","_lower":"vscode.merge-conflict"},"activationEvent":"*"}
[2020-01-08 03:12:56.419] [exthost] [info] ExtensionService#loadCommonJSModule file:///snap/code/21/usr/share/code/resources/app/extensions/merge-conflict/dist/extension
[2020-01-08 03:12:56.435] [exthost] [info] ExtensionService#_doActivateExtension ms-vsliveshare.vsliveshare {"startup":true,"extensionId":{"value":"ms-vsliveshare.vsliveshare","_lower":"ms-vsliveshare.vsliveshare"},"activationEvent":"*"}
[2020-01-08 03:12:56.435] [exthost] [info] ExtensionService#loadCommonJSModule file:///home/alexis/.vscode/extensions/ms-vsliveshare.vsliveshare-1.0.1404/out/prod/extension-prod
[2020-01-08 03:12:57.149] [exthost] [info] eager extensions activated
[2020-01-08 03:13:09.389] [exthost] [info] ExtensionService#_doActivateExtension vscode.python {"startup":false,"extensionId":{"value":"vscode.python","_lower":"vscode.python"},"activationEvent":"onLanguage:python"}
[2020-01-08 03:13:09.389] [exthost] [info] ExtensionService#loadCommonJSModule file:///snap/code/21/usr/share/code/resources/app/extensions/python/dist/pythonMain
[2020-01-08 03:17:40.008] [exthost] [info] ExtensionService#_doActivateExtension ms-python.python {"startup":false,"extensionId":{"value":"ms-python.python","_lower":"ms-python.python"},"activationEvent":"onLanguage:python"}
[2020-01-08 03:17:40.009] [exthost] [info] ExtensionService#loadCommonJSModule file:///home/alexis/.vscode/extensions/ms-python.python-2020.1.57204/out/client/extension
[2020-01-13 01:19:31.713] [exthost] [info] extension host started
[2020-01-13 01:19:31.736] [exthost] [info] ExtensionService#_doActivateExtension vscode.debug-auto-launch {"startup":true,"extensionId":{"value":"vscode.debug-auto-launch","_lower":"vscode.debug-auto-launch"},"activationEvent":"*"}
[2020-01-13 01:19:31.737] [exthost] [info] ExtensionService#loadCommonJSModule file:///snap/code/21/usr/share/code/resources/app/extensions/debug-auto-launch/dist/extension
[2020-01-13 01:19:31.757] [exthost] [info] ExtensionService#_doActivateExtension vscode.emmet {"startup":true,"extensionId":{"value":"vscode.emmet","_lower":"vscode.emmet"},"activationEvent":"*"}
[2020-01-13 01:19:31.758] [exthost] [info] ExtensionService#loadCommonJSModule file:///snap/code/21/usr/share/code/resources/app/extensions/emmet/dist/extension
[2020-01-13 01:19:31.810] [exthost] [info] ExtensionService#_doActivateExtension vscode.git {"startup":true,"extensionId":{"value":"vscode.git","_lower":"vscode.git"},"activationEvent":"*"}
[2020-01-13 01:19:31.810] [exthost] [info] ExtensionService#loadCommonJSModule file:///snap/code/21/usr/share/code/resources/app/extensions/git/dist/main
[2020-01-13 01:19:31.930] [exthost] [info] ExtensionService#_doActivateExtension vscode.merge-conflict {"startup":true,"extensionId":{"value":"vscode.merge-conflict","_lower":"vscode.merge-conflict"},"activationEvent":"*"}
[2020-01-13 01:19:31.930] [exthost] [info] ExtensionService#loadCommonJSModule file:///snap/code/21/usr/share/code/resources/app/extensions/merge-conflict/dist/extension
[2020-01-13 01:19:31.944] [exthost] [info] ExtensionService#_doActivateExtension ms-vsliveshare.vsliveshare {"startup":true,"extensionId":{"value":"ms-vsliveshare.vsliveshare","_lower":"ms-vsliveshare.vsliveshare"},"activationEvent":"*"}
[2020-01-13 01:19:31.944] [exthost] [info] ExtensionService#loadCommonJSModule file:///home/alexis/.vscode/extensions/ms-vsliveshare.vsliveshare-1.0.1404/out/prod/extension-prod
[2020-01-13 01:19:33.064] [exthost] [info] ExtensionService#_doActivateExtension felixfbecker.php-intellisense {"startup":true,"extensionId":{"value":"felixfbecker.php-intellisense","_lower":"felixfbecker.php-intellisense"},"activationEvent":"workspaceContains:**/*.php"}
[2020-01-13 01:19:33.065] [exthost] [info] ExtensionService#loadCommonJSModule file:///home/alexis/.vscode/extensions/felixfbecker.php-intellisense-2.3.14/out/extension
[2020-01-13 01:19:33.779] [exthost] [info] eager extensions activated
[2020-01-13 01:22:57.775] [exthost] [info] ExtensionService#_doActivateExtension vscode.php-language-features {"startup":false,"extensionId":{"value":"vscode.php-language-features","_lower":"vscode.php-language-features"},"activationEvent":"onLanguage:php"}
[2020-01-13 01:22:57.776] [exthost] [info] ExtensionService#loadCommonJSModule file:///snap/code/21/usr/share/code/resources/app/extensions/php-language-features/dist/phpMain
[2020-01-13 01:22:57.867] [exthost] [info] ExtensionService#_doActivateExtension ecmel.vscode-html-css {"startup":false,"extensionId":{"value":"ecmel.vscode-html-css","_lower":"ecmel.vscode-html-css"},"activationEvent":"onLanguage:php"}
[2020-01-13 01:22:57.868] [exthost] [info] ExtensionService#loadCommonJSModule file:///home/alexis/.vscode/extensions/ecmel.vscode-html-css-0.2.3/dist/extension
[2020-01-13 01:32:09.071] [exthost] [info] extension host started
[2020-01-13 01:32:09.122] [exthost] [info] ExtensionService#_doActivateExtension vscode.debug-auto-launch {"startup":true,"extensionId":{"value":"vscode.debug-auto-launch","_lower":"vscode.debug-auto-launch"},"activationEvent":"*"}
[2020-01-13 01:32:09.122] [exthost] [info] ExtensionService#loadCommonJSModule file:///snap/code/21/usr/share/code/resources/app/extensions/debug-auto-launch/dist/extension
[2020-01-13 01:32:09.140] [exthost] [info] ExtensionService#_doActivateExtension vscode.emmet {"startup":true,"extensionId":{"value":"vscode.emmet","_lower":"vscode.emmet"},"activationEvent":"*"}
[2020-01-13 01:32:09.141] [exthost] [info] ExtensionService#loadCommonJSModule file:///snap/code/21/usr/share/code/resources/app/extensions/emmet/dist/extension
[2020-01-13 01:32:09.189] [exthost] [info] ExtensionService#_doActivateExtension vscode.git {"startup":true,"extensionId":{"value":"vscode.git","_lower":"vscode.git"},"activationEvent":"*"}
[2020-01-13 01:32:09.189] [exthost] [info] ExtensionService#loadCommonJSModule file:///snap/code/21/usr/share/code/resources/app/extensions/git/dist/main
[2020-01-13 01:32:09.278] [exthost] [info] ExtensionService#_doActivateExtension vscode.merge-conflict {"startup":true,"extensionId":{"value":"vscode.merge-conflict","_lower":"vscode.merge-conflict"},"activationEvent":"*"}
[2020-01-13 01:32:09.279] [exthost] [info] ExtensionService#loadCommonJSModule file:///snap/code/21/usr/share/code/resources/app/extensions/merge-conflict/dist/extension
[2020-01-13 01:32:09.291] [exthost] [info] ExtensionService#_doActivateExtension ms-vsliveshare.vsliveshare {"startup":true,"extensionId":{"value":"ms-vsliveshare.vsliveshare","_lower":"ms-vsliveshare.vsliveshare"},"activationEvent":"*"}
[2020-01-13 01:32:09.291] [exthost] [info] ExtensionService#loadCommonJSModule file:///home/alexis/.vscode/extensions/ms-vsliveshare.vsliveshare-1.0.1404/out/prod/extension-prod
[2020-01-13 01:32:10.597] [exthost] [info] ExtensionService#_doActivateExtension felixfbecker.php-intellisense {"startup":true,"extensionId":{"value":"felixfbecker.php-intellisense","_lower":"felixfbecker.php-intellisense"},"activationEvent":"workspaceContains:**/*.php"}
[2020-01-13 01:32:10.607] [exthost] [info] ExtensionService#loadCommonJSModule file:///home/alexis/.vscode/extensions/felixfbecker.php-intellisense-2.3.14/out/extension
[2020-01-13 01:32:11.461] [exthost] [info] eager extensions activated
[2020-01-13 01:32:23.922] [exthost] [info] ExtensionService#_doActivateExtension vscode.php-language-features {"startup":false,"extensionId":{"value":"vscode.php-language-features","_lower":"vscode.php-language-features"},"activationEvent":"onLanguage:php"}
[2020-01-13 01:32:23.922] [exthost] [info] ExtensionService#loadCommonJSModule file:///snap/code/21/usr/share/code/resources/app/extensions/php-language-features/dist/phpMain
[2020-01-13 01:32:23.959] [exthost] [info] ExtensionService#_doActivateExtension ecmel.vscode-html-css {"startup":false,"extensionId":{"value":"ecmel.vscode-html-css","_lower":"ecmel.vscode-html-css"},"activationEvent":"onLanguage:php"}
[2020-01-13 01:32:23.959] [exthost] [info] ExtensionService#loadCommonJSModule file:///home/alexis/.vscode/extensions/ecmel.vscode-html-css-0.2.3/dist/extension
[2020-01-13 01:33:36.930] [exthost] [info] ExtensionService#_doActivateExtension bmewburn.vscode-intelephense-client {"startup":false,"extensionId":{"value":"bmewburn.vscode-intelephense-client","_lower":"bmewburn.vscode-intelephense-client"},"activationEvent":"onLanguage:php"}
[2020-01-13 01:33:36.931] [exthost] [info] ExtensionService#loadCommonJSModule file:///home/alexis/.vscode/extensions/bmewburn.vscode-intelephense-client-1.3.7/lib/extension
[2020-01-13 01:39:28.985] [exthost] [info] ExtensionService#_doActivateExtension vscode.html-language-features {"startup":false,"extensionId":{"value":"vscode.html-language-features","_lower":"vscode.html-language-features"},"activationEvent":"onLanguage:html"}
[2020-01-13 01:39:28.985] [exthost] [info] ExtensionService#loadCommonJSModule file:///snap/code/21/usr/share/code/resources/app/extensions/html-language-features/client/dist/htmlMain
[2020-01-13 01:39:50.100] [exthost] [info] extension host started
[2020-01-13 01:39:50.209] [exthost] [info] ExtensionService#_doActivateExtension vscode.php-language-features {"startup":false,"extensionId":{"value":"vscode.php-language-features","_lower":"vscode.php-language-features"},"activationEvent":"onLanguage:php"}
[2020-01-13 01:39:50.209] [exthost] [info] ExtensionService#loadCommonJSModule file:///snap/code/21/usr/share/code/resources/app/extensions/php-language-features/dist/phpMain
[2020-01-13 01:39:50.246] [exthost] [info] ExtensionService#_doActivateExtension bmewburn.vscode-intelephense-client {"startup":false,"extensionId":{"value":"bmewburn.vscode-intelephense-client","_lower":"bmewburn.vscode-intelephense-client"},"activationEvent":"onLanguage:php"}
[2020-01-13 01:39:50.246] [exthost] [info] ExtensionService#loadCommonJSModule file:///home/alexis/.vscode/extensions/bmewburn.vscode-intelephense-client-1.3.7/lib/extension
[2020-01-13 01:39:50.271] [exthost] [info] ExtensionService#_doActivateExtension ecmel.vscode-html-css {"startup":false,"extensionId":{"value":"ecmel.vscode-html-css","_lower":"ecmel.vscode-html-css"},"activationEvent":"onLanguage:php"}
[2020-01-13 01:39:50.272] [exthost] [info] ExtensionService#loadCommonJSModule file:///home/alexis/.vscode/extensions/ecmel.vscode-html-css-0.2.3/dist/extension
[2020-01-13 01:39:50.431] [exthost] [info] ExtensionService#_doActivateExtension felixfbecker.php-intellisense {"startup":false,"extensionId":{"value":"felixfbecker.php-intellisense","_lower":"felixfbecker.php-intellisense"},"activationEvent":"onLanguage:php"}
[2020-01-13 01:39:50.432] [exthost] [info] ExtensionService#loadCommonJSModule file:///home/alexis/.vscode/extensions/felixfbecker.php-intellisense-2.3.14/out/extension
[2020-01-13 01:39:50.812] [exthost] [info] ExtensionService#_doActivateExtension vscode.debug-auto-launch {"startup":true,"extensionId":{"value":"vscode.debug-auto-launch","_lower":"vscode.debug-auto-launch"},"activationEvent":"*"}
[2020-01-13 01:39:50.812] [exthost] [info] ExtensionService#loadCommonJSModule file:///snap/code/21/usr/share/code/resources/app/extensions/debug-auto-launch/dist/extension
[2020-01-13 01:39:50.820] [exthost] [info] ExtensionService#_doActivateExtension vscode.emmet {"startup":true,"extensionId":{"value":"vscode.emmet","_lower":"vscode.emmet"},"activationEvent":"*"}
[2020-01-13 01:39:50.820] [exthost] [info] ExtensionService#loadCommonJSModule file:///snap/code/21/usr/share/code/resources/app/extensions/emmet/dist/extension
[2020-01-13 01:39:50.857] [exthost] [info] ExtensionService#_doActivateExtension vscode.git {"startup":true,"extensionId":{"value":"vscode.git","_lower":"vscode.git"},"activationEvent":"*"}
[2020-01-13 01:39:50.857] [exthost] [info] ExtensionService#loadCommonJSModule file:///snap/code/21/usr/share/code/resources/app/extensions/git/dist/main
[2020-01-13 01:39:50.937] [exthost] [info] ExtensionService#_doActivateExtension vscode.merge-conflict {"startup":true,"extensionId":{"value":"vscode.merge-conflict","_lower":"vscode.merge-conflict"},"activationEvent":"*"}
[2020-01-13 01:39:50.938] [exthost] [info] ExtensionService#loadCommonJSModule file:///snap/code/21/usr/share/code/resources/app/extensions/merge-conflict/dist/extension
[2020-01-13 01:39:50.959] [exthost] [info] ExtensionService#_doActivateExtension ms-vsliveshare.vsliveshare {"startup":true,"extensionId":{"value":"ms-vsliveshare.vsliveshare","_lower":"ms-vsliveshare.vsliveshare"},"activationEvent":"*"}
[2020-01-13 01:39:50.960] [exthost] [info] ExtensionService#loadCommonJSModule file:///home/alexis/.vscode/extensions/ms-vsliveshare.vsliveshare-1.0.1456/out/prod/extension-prod
[2020-01-13 01:39:53.038] [exthost] [info] eager extensions activated
[2020-01-13 01:44:43.270] [exthost] [info] ExtensionService#_doActivateExtension vscode.html-language-features {"startup":false,"extensionId":{"value":"vscode.html-language-features","_lower":"vscode.html-language-features"},"activationEvent":"onLanguage:html"}
[2020-01-13 01:44:43.279] [exthost] [info] ExtensionService#loadCommonJSModule file:///snap/code/21/usr/share/code/resources/app/extensions/html-language-features/client/dist/htmlMain
[2020-01-13 01:54:36.412] [exthost] [error] [felixfbecker.php-intellisense] provider FAILED
[2020-01-13 01:54:36.429] [exthost] [error] Error: name must not be falsy
	at Function.validate (/snap/code/21/usr/share/code/resources/app/out/vs/workbench/services/extensions/node/extensionHostProcess.js:365:239)
	at new y (/snap/code/21/usr/share/code/resources/app/out/vs/workbench/services/extensions/node/extensionHostProcess.js:365:188)
	at new y (/snap/code/21/usr/share/code/resources/app/out/vs/workbench/services/extensions/node/extensionHostProcess.js:354:169)
	at asSymbolInformation (/home/alexis/.vscode/extensions/felixfbecker.php-intellisense-2.3.14/node_modules/vscode-languageclient/lib/protocolConverter.js:347:22)
	at /home/alexis/.vscode/extensions/felixfbecker.php-intellisense-2.3.14/node_modules/vscode-languageclient/lib/protocolConverter.js:336:42
	at Array.map (<anonymous>)
	at Object.asSymbolInformations (/home/alexis/.vscode/extensions/felixfbecker.php-intellisense-2.3.14/node_modules/vscode-languageclient/lib/protocolConverter.js:336:23)
	at /home/alexis/.vscode/extensions/felixfbecker.php-intellisense-2.3.14/node_modules/vscode-languageclient/lib/client.js:1002:62
